[debug] [2024-08-30T19:57:38.991Z] ----------------------------------------------------------------------
[debug] [2024-08-30T19:57:38.993Z] Command:       C:\Program Files\nodejs\node.exe C:\Users\adars\AppData\Roaming\npm\node_modules\firebase-tools\lib\bin\firebase.js init
[debug] [2024-08-30T19:57:38.993Z] CLI Version:   13.16.0
[debug] [2024-08-30T19:57:38.993Z] Platform:      win32
[debug] [2024-08-30T19:57:38.993Z] Node Version:  v18.16.0
[debug] [2024-08-30T19:57:38.994Z] Time:          Sat Aug 31 2024 01:27:38 GMT+0530 (India Standard Time)
[debug] [2024-08-30T19:57:38.994Z] ----------------------------------------------------------------------
[debug] 
[debug] [2024-08-30T19:57:39.002Z] > command requires scopes: ["email","openid","https://www.googleapis.com/auth/cloudplatformprojects.readonly","https://www.googleapis.com/auth/firebase","https://www.googleapis.com/auth/cloud-platform"]
[debug] [2024-08-30T19:57:39.002Z] > authorizing via signed-in user (adarshbhosale1993@gmail.com)
[info] 
     ######## #### ########  ######## ########     ###     ######  ########
     ##        ##  ##     ## ##       ##     ##  ##   ##  ##       ##
     ######    ##  ########  ######   ########  #########  ######  ######
     ##        ##  ##    ##  ##       ##     ## ##     ##       ## ##
     ##       #### ##     ## ######## ########  ##     ##  ######  ########

You're about to initialize a Firebase project in this directory:

  C:\Users\adars\OneDrive\Desktop\PublicMediaTask

[info] 
=== Project Setup
[info] 
[info] First, let's associate this project directory with a Firebase project.
[info] You can create multiple project aliases by running firebase use --add, 
[info] but for now we'll just set up a default project.
[info] 
[debug] [2024-08-30T20:00:19.279Z] >>> [apiv2][query] GET https://firebase.googleapis.com/v1beta1/projects pageSize=100
[debug] [2024-08-30T20:00:20.296Z] <<< [apiv2][status] GET https://firebase.googleapis.com/v1beta1/projects 200
[debug] [2024-08-30T20:00:20.297Z] <<< [apiv2][body] GET https://firebase.googleapis.com/v1beta1/projects [omitted]
[info] i  Using project pms-task-aadarshbhosale (pms-task-aadarshbhosale) 
[info] 
=== Hosting Setup
[debug] [2024-08-30T20:00:34.047Z] >>> [apiv2][query] GET https://firebase.googleapis.com/v1beta1/projects/pms-task-aadarshbhosale [none]
[debug] [2024-08-30T20:00:34.617Z] <<< [apiv2][status] GET https://firebase.googleapis.com/v1beta1/projects/pms-task-aadarshbhosale 200
[debug] [2024-08-30T20:00:34.618Z] <<< [apiv2][body] GET https://firebase.googleapis.com/v1beta1/projects/pms-task-aadarshbhosale {"projectId":"pms-task-aadarshbhosale","projectNumber":"36072272972","displayName":"pms-task-aadarshbhosale","name":"projects/pms-task-aadarshbhosale","resources":{"hostingSite":"pms-task-aadarshbhosale"},"state":"ACTIVE","etag":"1_704f8725-177c-4bc1-9edc-d5d8ba60aa39"}
[info] 
[info] Your public directory is the folder (relative to your project directory) that
[info] will contain Hosting assets to be uploaded with firebase deploy. If you
[info] have a build process for your assets, use your build's output directory.
[info] 
